  engine.cpp
C:\Users\Usuario\Desktop\RenderEngine\Engine\Code\engine.cpp(60,23): warning C4018: '<': signed/unsigned mismatch
  platform.cpp
C:\Users\Usuario\Desktop\RenderEngine\Engine\Code\platform.cpp(42,36): warning C4244: '=': conversion from 'double' to 'T', possible loss of data
          with
          [
              T=float
          ]
C:\Users\Usuario\Desktop\RenderEngine\Engine\Code\platform.cpp(43,36): warning C4244: '=': conversion from 'double' to 'T', possible loss of data
          with
          [
              T=float
          ]
C:\Users\Usuario\Desktop\RenderEngine\Engine\Code\platform.cpp(44,29): warning C4244: '=': conversion from 'double' to 'T', possible loss of data
          with
          [
              T=float
          ]
C:\Users\Usuario\Desktop\RenderEngine\Engine\Code\platform.cpp(45,29): warning C4244: '=': conversion from 'double' to 'T', possible loss of data
          with
          [
              T=float
          ]
  Generating Code...
  Engine.vcxproj -> C:\Users\Usuario\Desktop\RenderEngine\Engine\x64\Debug\Engine.exe
